<?xml version="1.0" encoding="UTF-8"?>
<!-- Generated by org.testng.reporters.JUnitReportReporter -->
<testsuite hostname="Arun" failures="0" tests="1" name="test.TC_001_SignupTest" time="5.536" errors="0" timestamp="2025-05-22T23:05:57 IST" skipped="0">
  <testcase classname="test.TC_001_SignupTest" name="SignupTest" time="5.536"/>
</testsuite> <!-- test.TC_001_SignupTest -->
