<?xml version="1.0" encoding="UTF-8"?>
<!-- Generated by org.testng.reporters.JUnitReportReporter -->
<testsuite hostname="Arun" failures="0" tests="1" name="test.TC_003_HotelListTest" time="9.594" errors="0" timestamp="2025-05-28T22:57:40 IST" skipped="0">
  <testcase classname="test.TC_003_HotelListTest" name="HotelListTest" time="9.594"/>
</testsuite> <!-- test.TC_003_HotelListTest -->
