<?xml version="1.0" encoding="UTF-8"?>
<!-- Generated by org.testng.reporters.JUnitReportReporter -->
<testsuite hostname="Arun" failures="0" tests="1" name="test.TC_005_ConfirmHotelTest" time="19.089" errors="0" timestamp="2025-05-25T21:33:22 IST" skipped="0">
  <testcase classname="test.TC_005_ConfirmHotelTest" name="ConfirmHotelPage" time="19.089"/>
</testsuite> <!-- test.TC_005_ConfirmHotelTest -->
