<?xml version="1.0" encoding="UTF-8"?>
<!-- Generated by org.testng.reporters.JUnitReportReporter -->
<testsuite hostname="Arun" failures="0" tests="1" name="test.TC_003_HotelListTest" time="15.981" errors="0" timestamp="2025-05-25T14:29:28 IST" skipped="0">
  <testcase classname="test.TC_003_HotelListTest" name="HotelListTest" time="15.981"/>
</testsuite> <!-- test.TC_003_HotelListTest -->
