<?xml version="1.0" encoding="UTF-8"?>
<!-- Generated by org.testng.reporters.JUnitReportReporter -->
<testsuite hostname="Arun" failures="0" tests="1" name="test.TC_002_SearchHotelTest" time="11.320" errors="0" timestamp="2025-05-28T22:57:40 IST" skipped="0">
  <testcase classname="test.TC_002_SearchHotelTest" name="SearchHotelTest" time="11.320"/>
</testsuite> <!-- test.TC_002_SearchHotelTest -->
