<?xml version="1.0" encoding="UTF-8"?>
<!-- Generated by org.testng.reporters.JUnitReportReporter -->
<testsuite hostname="Arun" failures="0" tests="1" name="test.TC_006_HotelItineraryTest" time="19.727" errors="0" timestamp="2025-05-25T23:45:19 IST" skipped="0">
  <testcase classname="test.TC_006_HotelItineraryTest" name="HotelItineraryTest" time="19.727"/>
</testsuite> <!-- test.TC_006_HotelItineraryTest -->
